<?xml version="1.0" encoding="UTF-8"?>
<!-- Generated by org.testng.reporters.JUnitReportReporter -->
<testsuite hostname="XAV-101000724" name="dotcom.runner.Runner" tests="1" failures="0" timestamp="13 Sep 2018 14:31:57 GMT" time="58.339" errors="0">
  <testcase name="feature" time="58.339" classname="dotcom.runner.Runner"/>
</testsuite> <!-- dotcom.runner.Runner -->
